2022-07-23 19:02:17:217 [32minfo[39m: [32mStarting game server...[39m
2022-07-23 19:02:23:223 [37mdebug[39m: [37mRoom created[39m
2022-07-23 19:02:23:223 [37mdebug[39m: [37mClient joined: [39m
2022-07-23 19:02:23:223 [37mdebug[39m: [37mWebSocketClient {[39m
[37m  id: 'FizwrCJfo',[39m
[37m  ref: <ref *1> WebSocket {[39m
[37m    _events: [Object: null prototype] {[39m
[37m      close: [Array],[39m
[37m      error: [Function (anonymous)],[39m
[37m      pong: [Function: heartbeat][39m
[37m    },[39m
[37m    _eventsCount: 3,[39m
[37m    _maxListeners: undefined,[39m
[37m    _binaryType: 'nodebuffer',[39m
[37m    _closeCode: 1006,[39m
[37m    _closeFrameReceived: false,[39m
[37m    _closeFrameSent: false,[39m
[37m    _closeMessage: '',[39m
[37m    _closeTimer: null,[39m
[37m    _extensions: {},[39m
[37m    _protocol: '',[39m
[37m    _readyState: 1,[39m
[37m    _receiver: Receiver {[39m
[37m      _writableState: [WritableState],[39m
[37m      _events: [Object: null prototype],[39m
[37m      _eventsCount: 6,[39m
[37m      _maxListeners: undefined,[39m
[37m      _binaryType: 'nodebuffer',[39m
[37m      _extensions: {},[39m
[37m      _isServer: true,[39m
[37m      _maxPayload: 104857600,[39m
[37m      _bufferedBytes: 0,[39m
[37m      _buffers: [],[39m
[37m      _compressed: false,[39m
[37m      _payloadLength: 0,[39m
[37m      _mask: undefined,[39m
[37m      _fragmented: 0,[39m
[37m      _masked: false,[39m
[37m      _fin: false,[39m
[37m      _opcode: 0,[39m
[37m      _totalPayloadLength: 0,[39m
[37m      _messageLength: 0,[39m
[37m      _fragments: [],[39m
[37m      _state: 0,[39m
[37m      _loop: false,[39m
[37m      [Symbol(kCapture)]: false,[39m
[37m      [Symbol(websocket)]: [Circular *1][39m
[37m    },[39m
[37m    _sender: Sender {[39m
[37m      _extensions: {},[39m
[37m      _socket: [Socket],[39m
[37m      _firstFragment: true,[39m
[37m      _compress: false,[39m
[37m      _bufferedBytes: 0,[39m
[37m      _deflating: false,[39m
[37m      _queue: [][39m
[37m    },[39m
[37m    _socket: Socket {[39m
[37m      connecting: false,[39m
[37m      _hadError: false,[39m
[37m      _parent: null,[39m
[37m      _host: null,[39m
[37m      _readableState: [ReadableState],[39m
[37m      _events: [Object: null prototype],[39m
[37m      _eventsCount: 4,[39m
[37m      _maxListeners: undefined,[39m
[37m      _writableState: [WritableState],[39m
[37m      allowHalfOpen: true,[39m
[37m      _sockname: null,[39m
[37m      _pendingData: null,[39m
[37m      _pendingEncoding: '',[39m
[37m      server: [Server],[39m
[37m      _server: [Server],[39m
[37m      parser: null,[39m
[37m      on: [Function (anonymous)],[39m
[37m      addListener: [Function (anonymous)],[39m
[37m      prependListener: [Function: prependListener],[39m
[37m      _paused: false,[39m
[37m      timeout: 0,[39m
[37m      [Symbol(async_id_symbol)]: 89,[39m
[37m      [Symbol(kHandle)]: [TCP],[39m
[37m      [Symbol(kSetNoDelay)]: true,[39m
[37m      [Symbol(lastWriteQueueSize)]: 0,[39m
[37m      [Symbol(timeout)]: null,[39m
[37m      [Symbol(kBuffer)]: null,[39m
[37m      [Symbol(kBufferCb)]: null,[39m
[37m      [Symbol(kBufferGen)]: null,[39m
[37m      [Symbol(kCapture)]: false,[39m
[37m      [Symbol(kBytesRead)]: 0,[39m
[37m      [Symbol(kBytesWritten)]: 0,[39m
[37m      [Symbol(RequestTimeout)]: undefined,[39m
[37m      [Symbol(websocket)]: [Circular *1][39m
[37m    },[39m
[37m    _isServer: true,[39m
[37m    pingCount: 0,[39m
[37m    onleave: [Function: bound _onLeave] AsyncFunction,[39m
[37m    [Symbol(kCapture)]: false[39m
[37m  },[39m
[37m  sessionId: 'FizwrCJfo',[39m
[37m  state: 0,[39m
[37m  _enqueuedMessages: [],[39m
[37m  _afterNextPatchQueue: [],[39m
[37m  auth: true[39m
[37m}[39m
2022-07-23 19:02:42:242 [37mdebug[39m: [37mClient joined: [39m
2022-07-23 19:02:42:242 [37mdebug[39m: [37mWebSocketClient {[39m
[37m  id: 'SO6u9-zdy',[39m
[37m  ref: <ref *1> WebSocket {[39m
[37m    _events: [Object: null prototype] {[39m
[37m      close: [Array],[39m
[37m      error: [Function (anonymous)],[39m
[37m      pong: [Function: heartbeat][39m
[37m    },[39m
[37m    _eventsCount: 3,[39m
[37m    _maxListeners: undefined,[39m
[37m    _binaryType: 'nodebuffer',[39m
[37m    _closeCode: 1006,[39m
[37m    _closeFrameReceived: false,[39m
[37m    _closeFrameSent: false,[39m
[37m    _closeMessage: '',[39m
[37m    _closeTimer: null,[39m
[37m    _extensions: {},[39m
[37m    _protocol: '',[39m
[37m    _readyState: 1,[39m
[37m    _receiver: Receiver {[39m
[37m      _writableState: [WritableState],[39m
[37m      _events: [Object: null prototype],[39m
[37m      _eventsCount: 6,[39m
[37m      _maxListeners: undefined,[39m
[37m      _binaryType: 'nodebuffer',[39m
[37m      _extensions: {},[39m
[37m      _isServer: true,[39m
[37m      _maxPayload: 104857600,[39m
[37m      _bufferedBytes: 0,[39m
[37m      _buffers: [],[39m
[37m      _compressed: false,[39m
[37m      _payloadLength: 0,[39m
[37m      _mask: undefined,[39m
[37m      _fragmented: 0,[39m
[37m      _masked: false,[39m
[37m      _fin: false,[39m
[37m      _opcode: 0,[39m
[37m      _totalPayloadLength: 0,[39m
[37m      _messageLength: 0,[39m
[37m      _fragments: [],[39m
[37m      _state: 0,[39m
[37m      _loop: false,[39m
[37m      [Symbol(kCapture)]: false,[39m
[37m      [Symbol(websocket)]: [Circular *1][39m
[37m    },[39m
[37m    _sender: Sender {[39m
[37m      _extensions: {},[39m
[37m      _socket: [Socket],[39m
[37m      _firstFragment: true,[39m
[37m      _compress: false,[39m
[37m      _bufferedBytes: 0,[39m
[37m      _deflating: false,[39m
[37m      _queue: [][39m
[37m    },[39m
[37m    _socket: Socket {[39m
[37m      connecting: false,[39m
[37m      _hadError: false,[39m
[37m      _parent: null,[39m
[37m      _host: null,[39m
[37m      _readableState: [ReadableState],[39m
[37m      _events: [Object: null prototype],[39m
[37m      _eventsCount: 4,[39m
[37m      _maxListeners: undefined,[39m
[37m      _writableState: [WritableState],[39m
[37m      allowHalfOpen: true,[39m
[37m      _sockname: null,[39m
[37m      _pendingData: null,[39m
[37m      _pendingEncoding: '',[39m
[37m      server: [Server],[39m
[37m      _server: [Server],[39m
[37m      parser: null,[39m
[37m      on: [Function (anonymous)],[39m
[37m      addListener: [Function (anonymous)],[39m
[37m      prependListener: [Function: prependListener],[39m
[37m      _paused: false,[39m
[37m      timeout: 0,[39m
[37m      [Symbol(async_id_symbol)]: 157,[39m
[37m      [Symbol(kHandle)]: [TCP],[39m
[37m      [Symbol(kSetNoDelay)]: true,[39m
[37m      [Symbol(lastWriteQueueSize)]: 0,[39m
[37m      [Symbol(timeout)]: null,[39m
[37m      [Symbol(kBuffer)]: null,[39m
[37m      [Symbol(kBufferCb)]: null,[39m
[37m      [Symbol(kBufferGen)]: null,[39m
[37m      [Symbol(kCapture)]: false,[39m
[37m      [Symbol(kBytesRead)]: 0,[39m
[37m      [Symbol(kBytesWritten)]: 0,[39m
[37m      [Symbol(RequestTimeout)]: undefined,[39m
[37m      [Symbol(websocket)]: [Circular *1][39m
[37m    },[39m
[37m    _isServer: true,[39m
[37m    pingCount: 0,[39m
[37m    onleave: [Function: bound _onLeave] AsyncFunction,[39m
[37m    [Symbol(kCapture)]: false[39m
[37m  },[39m
[37m  sessionId: 'SO6u9-zdy',[39m
[37m  state: 0,[39m
[37m  _enqueuedMessages: [],[39m
[37m  _afterNextPatchQueue: [],[39m
[37m  auth: true[39m
[37m}[39m
2022-07-23 19:03:37:337 [37mdebug[39m: [37mClient left: [39m
2022-07-23 19:03:39:339 [32minfo[39m: [32mStarting game server...[39m
2022-07-23 19:04:09:49 [32minfo[39m: [32mStarting game server...[39m
2022-07-23 19:06:07:67 [32minfo[39m: [32mStarting game server...[39m
2022-07-23 19:08:14:814 [32minfo[39m: [32mStarting game server...[39m
2022-07-23 19:08:16:816 [32minfo[39m: [32mStarting game server...[39m
2022-07-23 19:09:31:931 [32minfo[39m: [32mStarting game server...[39m
2022-07-23 19:09:39:939 [32minfo[39m: [32mStarting game server...[39m
2022-07-23 19:10:25:1025 [32minfo[39m: [32mStarting game server...[39m
2022-07-23 19:10:27:1027 [32minfo[39m: [32mStarting game server...[39m
2022-07-23 19:12:04:124 [32minfo[39m: [32mStarting game server...[39m
2022-07-23 19:13:45:1345 [32minfo[39m: [32mStarting game server...[39m
2022-07-23 19:14:29:1429 [32minfo[39m: [32mStarting game server...[39m
2022-07-23 19:22:20:2220 [37mdebug[39m: [37mRoom created[39m
2022-07-23 19:22:20:2220 [37mdebug[39m: [37mClient joined: [39m
2022-07-23 19:22:20:2220 [37mdebug[39m: [37mWebSocketClient {[39m
[37m  id: 'yrnsSpH0s',[39m
[37m  ref: <ref *1> WebSocket {[39m
[37m    _events: [Object: null prototype] {[39m
[37m      close: [Array],[39m
[37m      error: [Function (anonymous)],[39m
[37m      pong: [Function: heartbeat][39m
[37m    },[39m
[37m    _eventsCount: 3,[39m
[37m    _maxListeners: undefined,[39m
[37m    _binaryType: 'nodebuffer',[39m
[37m    _closeCode: 1006,[39m
[37m    _closeFrameReceived: false,[39m
[37m    _closeFrameSent: false,[39m
[37m    _closeMessage: '',[39m
[37m    _closeTimer: null,[39m
[37m    _extensions: {},[39m
[37m    _protocol: '',[39m
[37m    _readyState: 1,[39m
[37m    _receiver: Receiver {[39m
[37m      _writableState: [WritableState],[39m
[37m      _events: [Object: null prototype],[39m
[37m      _eventsCount: 6,[39m
[37m      _maxListeners: undefined,[39m
[37m      _binaryType: 'nodebuffer',[39m
[37m      _extensions: {},[39m
[37m      _isServer: true,[39m
[37m      _maxPayload: 104857600,[39m
[37m      _bufferedBytes: 0,[39m
[37m      _buffers: [],[39m
[37m      _compressed: false,[39m
[37m      _payloadLength: 0,[39m
[37m      _mask: undefined,[39m
[37m      _fragmented: 0,[39m
[37m      _masked: false,[39m
[37m      _fin: false,[39m
[37m      _opcode: 0,[39m
[37m      _totalPayloadLength: 0,[39m
[37m      _messageLength: 0,[39m
[37m      _fragments: [],[39m
[37m      _state: 0,[39m
[37m      _loop: false,[39m
[37m      [Symbol(kCapture)]: false,[39m
[37m      [Symbol(websocket)]: [Circular *1][39m
[37m    },[39m
[37m    _sender: Sender {[39m
[37m      _extensions: {},[39m
[37m      _socket: [Socket],[39m
[37m      _firstFragment: true,[39m
[37m      _compress: false,[39m
[37m      _bufferedBytes: 0,[39m
[37m      _deflating: false,[39m
[37m      _queue: [][39m
[37m    },[39m
[37m    _socket: Socket {[39m
[37m      connecting: false,[39m
[37m      _hadError: false,[39m
[37m      _parent: null,[39m
[37m      _host: null,[39m
[37m      _readableState: [ReadableState],[39m
[37m      _events: [Object: null prototype],[39m
[37m      _eventsCount: 4,[39m
[37m      _maxListeners: undefined,[39m
[37m      _writableState: [WritableState],[39m
[37m      allowHalfOpen: true,[39m
[37m      _sockname: null,[39m
[37m      _pendingData: null,[39m
[37m      _pendingEncoding: '',[39m
[37m      server: [Server],[39m
[37m      _server: [Server],[39m
[37m      parser: null,[39m
[37m      on: [Function (anonymous)],[39m
[37m      addListener: [Function (anonymous)],[39m
[37m      prependListener: [Function: prependListener],[39m
[37m      _paused: false,[39m
[37m      timeout: 0,[39m
[37m      [Symbol(async_id_symbol)]: 89,[39m
[37m      [Symbol(kHandle)]: [TCP],[39m
[37m      [Symbol(kSetNoDelay)]: true,[39m
[37m      [Symbol(lastWriteQueueSize)]: 0,[39m
[37m      [Symbol(timeout)]: null,[39m
[37m      [Symbol(kBuffer)]: null,[39m
[37m      [Symbol(kBufferCb)]: null,[39m
[37m      [Symbol(kBufferGen)]: null,[39m
[37m      [Symbol(kCapture)]: false,[39m
[37m      [Symbol(kBytesRead)]: 0,[39m
[37m      [Symbol(kBytesWritten)]: 0,[39m
[37m      [Symbol(RequestTimeout)]: undefined,[39m
[37m      [Symbol(websocket)]: [Circular *1][39m
[37m    },[39m
[37m    _isServer: true,[39m
[37m    pingCount: 0,[39m
[37m    onleave: [Function: bound _onLeave] AsyncFunction,[39m
[37m    [Symbol(kCapture)]: false[39m
[37m  },[39m
[37m  sessionId: 'yrnsSpH0s',[39m
[37m  state: 0,[39m
[37m  _enqueuedMessages: [],[39m
[37m  _afterNextPatchQueue: [],[39m
[37m  auth: true[39m
[37m}[39m
2022-07-23 19:22:20:2220 [37mdebug[39m: [37mClients name:[39m
2022-07-23 19:22:20:2220 [37mdebug[39m: [37mDorian[39m
2022-07-23 19:22:43:2243 [37mdebug[39m: [37mClient left: [39m
2022-07-23 19:22:44:2244 [32minfo[39m: [32mStarting game server...[39m
2022-07-23 19:23:09:239 [37mdebug[39m: [37mRoom created[39m
2022-07-23 19:23:09:239 [37mdebug[39m: [37mClient joined: [39m
2022-07-23 19:23:09:239 [37mdebug[39m: [37mDorian[39m
2022-07-23 19:24:18:2418 [37mdebug[39m: [37mClient left: [39m
2022-07-23 19:24:19:2419 [32minfo[39m: [32mStarting game server...[39m
2022-07-23 19:29:46:2946 [37mdebug[39m: [37mRoom created[39m
2022-07-23 19:29:46:2946 [37mdebug[39m: [37mClient joined: [39m
2022-07-23 19:29:46:2946 [37mdebug[39m: [37mDorian[39m
2022-07-23 19:29:46:2946 [37mdebug[39m: [37mDisposing room...[39m
2022-07-23 19:30:24:3024 [32minfo[39m: [32mStarting game server...[39m
2022-07-23 19:30:33:3033 [37mdebug[39m: [37mRoom created[39m
2022-07-23 19:30:33:3033 [37mdebug[39m: [37mClient joined: [39m
2022-07-23 19:30:33:3033 [37mdebug[39m: [37mDorian[39m
2022-07-23 19:34:27:3427 [37mdebug[39m: [37mClient left: [39m
2022-07-23 19:34:27:3427 [37mdebug[39m: [37mWebSocketClient {[39m
[37m  id: 'uD9pvYU8n',[39m
[37m  ref: <ref *1> WebSocket {[39m
[37m    _events: [Object: null prototype] {[39m
[37m      close: [Function (anonymous)],[39m
[37m      error: [Function (anonymous)],[39m
[37m      pong: [Function: heartbeat],[39m
[37m      message: [Function: bound _onMessage][39m
[37m    },[39m
[37m    _eventsCount: 4,[39m
[37m    _maxListeners: undefined,[39m
[37m    _binaryType: 'nodebuffer',[39m
[37m    _closeCode: 1001,[39m
[37m    _closeFrameReceived: true,[39m
[37m    _closeFrameSent: true,[39m
[37m    _closeMessage: '',[39m
[37m    _closeTimer: Timeout {[39m
[37m      _idleTimeout: -1,[39m
[37m      _idlePrev: null,[39m
[37m      _idleNext: null,[39m
[37m      _idleStart: 243457,[39m
[37m      _onTimeout: null,[39m
[37m      _timerArgs: undefined,[39m
[37m      _repeat: null,[39m
[37m      _destroyed: true,[39m
[37m      [Symbol(refed)]: true,[39m
[37m      [Symbol(kHasPrimitive)]: false,[39m
[37m      [Symbol(asyncId)]: 347,[39m
[37m      [Symbol(triggerId)]: 89[39m
[37m    },[39m
[37m    _extensions: {},[39m
[37m    _protocol: '',[39m
[37m    _readyState: 3,[39m
[37m    _receiver: Receiver {[39m
[37m      _writableState: [WritableState],[39m
[37m      _events: [Object: null prototype] {},[39m
[37m      _eventsCount: 0,[39m
[37m      _maxListeners: undefined,[39m
[37m      _binaryType: 'nodebuffer',[39m
[37m      _extensions: {},[39m
[37m      _isServer: true,[39m
[37m      _maxPayload: 104857600,[39m
[37m      _bufferedBytes: 0,[39m
[37m      _buffers: [],[39m
[37m      _compressed: false,[39m
[37m      _payloadLength: 2,[39m
[37m      _mask: <Buffer 27 3c a3 f6>,[39m
[37m      _fragmented: 0,[39m
[37m      _masked: true,[39m
[37m      _fin: true,[39m
[37m      _opcode: 8,[39m
[37m      _totalPayloadLength: 0,[39m
[37m      _messageLength: 0,[39m
[37m      _fragments: [],[39m
[37m      _state: 0,[39m
[37m      _loop: false,[39m
[37m      [Symbol(kCapture)]: false,[39m
[37m      [Symbol(websocket)]: [Circular *1][39m
[37m    },[39m
[37m    _sender: Sender {[39m
[37m      _extensions: {},[39m
[37m      _socket: [Socket],[39m
[37m      _firstFragment: true,[39m
[37m      _compress: false,[39m
[37m      _bufferedBytes: 0,[39m
[37m      _deflating: false,[39m
[37m      _queue: [][39m
[37m    },[39m
[37m    _socket: Socket {[39m
[37m      connecting: false,[39m
[37m      _hadError: false,[39m
[37m      _parent: null,[39m
[37m      _host: null,[39m
[37m      _readableState: [ReadableState],[39m
[37m      _events: [Object: null prototype],[39m
[37m      _eventsCount: 2,[39m
[37m      _maxListeners: undefined,[39m
[37m      _writableState: [WritableState],[39m
[37m      allowHalfOpen: true,[39m
[37m      _sockname: null,[39m
[37m      _pendingData: null,[39m
[37m      _pendingEncoding: '',[39m
[37m      server: [Server],[39m
[37m      _server: [Server],[39m
[37m      parser: null,[39m
[37m      on: [Function (anonymous)],[39m
[37m      addListener: [Function (anonymous)],[39m
[37m      prependListener: [Function: prependListener],[39m
[37m      _paused: false,[39m
[37m      timeout: 0,[39m
[37m      [Symbol(async_id_symbol)]: 89,[39m
[37m      [Symbol(kHandle)]: null,[39m
[37m      [Symbol(kSetNoDelay)]: true,[39m
[37m      [Symbol(lastWriteQueueSize)]: 0,[39m
[37m      [Symbol(timeout)]: null,[39m
[37m      [Symbol(kBuffer)]: null,[39m
[37m      [Symbol(kBufferCb)]: null,[39m
[37m      [Symbol(kBufferGen)]: null,[39m
[37m      [Symbol(kCapture)]: false,[39m
[37m      [Symbol(kBytesRead)]: 1245,[39m
[37m      [Symbol(kBytesWritten)]: 394,[39m
[37m      [Symbol(RequestTimeout)]: undefined,[39m
[37m      [Symbol(websocket)]: undefined[39m
[37m    },[39m
[37m    _isServer: true,[39m
[37m    pingCount: 0,[39m
[37m    onleave: [Function: bound _onLeave] AsyncFunction,[39m
[37m    [Symbol(kCapture)]: false[39m
[37m  },[39m
[37m  sessionId: 'uD9pvYU8n',[39m
[37m  state: 3,[39m
[37m  _afterNextPatchQueue: [],[39m
[37m  auth: true[39m
[37m}[39m
2022-07-23 19:34:27:3427 [37mdebug[39m: [37mDisposing room...[39m
2022-07-23 19:34:30:3430 [37mdebug[39m: [37mRoom created[39m
2022-07-23 19:34:30:3430 [37mdebug[39m: [37mClient joined: [39m
2022-07-23 19:34:30:3430 [37mdebug[39m: [37mDorian[39m
2022-07-23 19:35:04:354 [37mdebug[39m: [37mClient joined: [39m
2022-07-23 19:35:04:354 [37mdebug[39m: [37mIvan[39m
2022-07-23 19:35:45:3545 [37mdebug[39m: [37mClient left: [39m
