2022-07-24 00:12:16:1216 [37mdebug[39m: [37mRoom created[39m
2022-07-24 00:12:16:1216 [37mdebug[39m: [37mClient joined: [39m
2022-07-24 00:12:16:1216 [37mdebug[39m: [37mDorian[39m
2022-07-24 00:12:19:1219 [37mdebug[39m: [37mClient joined: [39m
2022-07-24 00:12:19:1219 [37mdebug[39m: [37mIvan[39m
2022-07-24 00:12:39:1239 [37mdebug[39m: [37mClient left: [39m
2022-07-24 00:13:03:133 [32minfo[39m: [32mStarting game server...[39m
2022-07-24 00:13:09:139 [37mdebug[39m: [37mRoom created[39m
2022-07-24 00:13:09:139 [37mdebug[39m: [37mClient joined: [39m
2022-07-24 00:13:09:139 [37mdebug[39m: [37mDorian[39m
2022-07-24 00:13:11:1311 [37mdebug[39m: [37mClient joined: [39m
2022-07-24 00:13:11:1311 [37mdebug[39m: [37mIvan[39m
2022-07-24 00:14:35:1435 [37mdebug[39m: [37mClient left: [39m
2022-07-24 00:14:37:1437 [32minfo[39m: [32mStarting game server...[39m
2022-07-24 00:15:18:1518 [32minfo[39m: [32mStarting game server...[39m
2022-07-24 00:15:48:1548 [32minfo[39m: [32mStarting game server...[39m
2022-07-24 00:15:53:1553 [32minfo[39m: [32mStarting game server...[39m
2022-07-24 00:16:22:1622 [32minfo[39m: [32mStarting game server...[39m
2022-07-24 00:16:48:1648 [32minfo[39m: [32mStarting game server...[39m
2022-07-24 00:17:58:1758 [37mdebug[39m: [37mRoom created[39m
2022-07-24 00:17:58:1758 [37mdebug[39m: [37mClient joined: [39m
2022-07-24 00:17:58:1758 [37mdebug[39m: [37mDorian[39m
2022-07-24 00:18:01:181 [37mdebug[39m: [37mClient joined: [39m
2022-07-24 00:18:01:181 [37mdebug[39m: [37mIvan[39m
2022-07-24 00:18:07:187 [37mdebug[39m: [37mClient left: [39m
2022-07-24 00:22:33:2233 [32minfo[39m: [32mStarting game server...[39m
2022-07-24 00:22:46:2246 [37mdebug[39m: [37mRoom created[39m
2022-07-24 00:22:46:2246 [37mdebug[39m: [37mClient joined: [39m
2022-07-24 00:22:46:2246 [37mdebug[39m: [37mDorian[39m
2022-07-24 00:22:49:2249 [37mdebug[39m: [37mClient joined: [39m
2022-07-24 00:22:49:2249 [37mdebug[39m: [37mIvan[39m
2022-07-24 00:22:56:2256 [37mdebug[39m: [37mClient left: [39m
2022-07-24 00:23:25:2325 [32minfo[39m: [32mStarting game server...[39m
2022-07-24 00:23:37:2337 [37mdebug[39m: [37mRoom created[39m
2022-07-24 00:23:37:2337 [37mdebug[39m: [37mClient joined: [39m
2022-07-24 00:23:37:2337 [37mdebug[39m: [37mZdravo[39m
2022-07-24 00:23:41:2341 [37mdebug[39m: [37mClient joined: [39m
2022-07-24 00:23:41:2341 [37mdebug[39m: [37mcc[39m
2022-07-24 00:23:44:2344 [37mdebug[39m: [37mClient left: [39m
2022-07-24 00:24:41:2441 [32minfo[39m: [32mStarting game server...[39m
2022-07-24 00:24:49:2449 [37mdebug[39m: [37mRoom created[39m
2022-07-24 00:24:49:2449 [37mdebug[39m: [37mClient joined: [39m
2022-07-24 00:24:49:2449 [37mdebug[39m: [37mwed[39m
2022-07-24 00:24:51:2451 [37mdebug[39m: [37mClient joined: [39m
2022-07-24 00:24:51:2451 [37mdebug[39m: [37mwefwe[39m
2022-07-24 00:27:41:2741 [37mdebug[39m: [37mClient left: [39m
2022-07-24 00:27:41:2741 [37mdebug[39m: [37mwed[39m
2022-07-24 00:27:42:2742 [37mdebug[39m: [37mClient left: [39m
2022-07-24 00:27:42:2742 [37mdebug[39m: [37mwefwe[39m
2022-07-24 00:27:42:2742 [37mdebug[39m: [37mDisposing room...[39m
2022-07-24 00:27:44:2744 [37mdebug[39m: [37mRoom created[39m
2022-07-24 00:27:44:2744 [37mdebug[39m: [37mClient joined: [39m
2022-07-24 00:27:44:2744 [37mdebug[39m: [37mDorian[39m
2022-07-24 00:27:49:2749 [37mdebug[39m: [37mClient joined: [39m
2022-07-24 00:27:49:2749 [37mdebug[39m: [37mDorisas[39m
2022-07-24 00:28:30:2830 [37mdebug[39m: [37mClient left: [39m
2022-07-24 00:28:30:2830 [37mdebug[39m: [37mDorian[39m
2022-07-24 00:28:31:2831 [37mdebug[39m: [37mClient left: [39m
2022-07-24 00:28:31:2831 [37mdebug[39m: [37mDorisas[39m
2022-07-24 00:28:31:2831 [37mdebug[39m: [37mDisposing room...[39m
2022-07-24 00:28:34:2834 [37mdebug[39m: [37mRoom created[39m
2022-07-24 00:28:34:2834 [37mdebug[39m: [37mClient joined: [39m
2022-07-24 00:28:34:2834 [37mdebug[39m: [37mDorian[39m
2022-07-24 00:28:37:2837 [37mdebug[39m: [37mClient joined: [39m
2022-07-24 00:28:37:2837 [37mdebug[39m: [37mIvan[39m
2022-07-24 00:30:47:3047 [37mdebug[39m: [37mClient left: [39m
2022-07-24 00:30:47:3047 [37mdebug[39m: [37mDorian[39m
2022-07-24 00:30:47:3047 [37mdebug[39m: [37mClient left: [39m
2022-07-24 00:30:47:3047 [37mdebug[39m: [37mIvan[39m
2022-07-24 00:30:47:3047 [37mdebug[39m: [37mDisposing room...[39m
2022-07-24 00:30:51:3051 [37mdebug[39m: [37mRoom created[39m
2022-07-24 00:30:51:3051 [37mdebug[39m: [37mClient joined: [39m
2022-07-24 00:30:51:3051 [37mdebug[39m: [37mDorian[39m
2022-07-24 00:30:53:3053 [37mdebug[39m: [37mClient joined: [39m
2022-07-24 00:30:53:3053 [37mdebug[39m: [37mIvan[39m
2022-07-24 00:31:38:3138 [37mdebug[39m: [37mClient left: [39m
2022-07-24 00:31:38:3138 [37mdebug[39m: [37mIvan[39m
2022-07-24 00:31:41:3141 [37mdebug[39m: [37mClient left: [39m
2022-07-24 00:31:41:3141 [37mdebug[39m: [37mDorian[39m
2022-07-24 00:31:41:3141 [37mdebug[39m: [37mDisposing room...[39m
2022-07-24 00:38:53:3853 [32minfo[39m: [32mStarting game server...[39m
