2022-07-24 17:00:06:06 [37mdebug[39m: [37mClient left: [39m
2022-07-24 17:00:06:06 [37mdebug[39m: [37mDorian[39m
2022-07-24 17:00:07:07 [37mdebug[39m: [37mClient left: [39m
2022-07-24 17:00:07:07 [37mdebug[39m: [37mIvan[39m
2022-07-24 17:00:07:07 [37mdebug[39m: [37mDisposing room...[39m
2022-07-24 17:00:10:010 [37mdebug[39m: [37mRoom created[39m
2022-07-24 17:00:10:010 [37mdebug[39m: [37mClient joined: [39m
2022-07-24 17:00:10:010 [37mdebug[39m: [37mDorian[39m
2022-07-24 17:00:13:013 [37mdebug[39m: [37mClient joined: [39m
2022-07-24 17:00:13:013 [37mdebug[39m: [37mIvan[39m
2022-07-24 17:06:36:636 [37mdebug[39m: [37mClient joined: [39m
2022-07-24 17:06:36:636 [37mdebug[39m: [37mAki[39m
2022-07-24 17:08:23:823 [37mdebug[39m: [37mClient left: [39m
2022-07-24 17:20:47:2047 [32minfo[39m: [32mStarting game server...[39m
2022-07-24 17:21:56:2156 [37mdebug[39m: [37mRoom created[39m
2022-07-24 17:21:56:2156 [37mdebug[39m: [37mClient joined: [39m
2022-07-24 17:21:56:2156 [37mdebug[39m: [37mDorian[39m
2022-07-24 17:21:59:2159 [37mdebug[39m: [37mClient left: [39m
2022-07-24 17:21:59:2159 [37mdebug[39m: [37mDorian[39m
2022-07-24 17:21:59:2159 [37mdebug[39m: [37mDisposing room...[39m
